<?xml version="1.0" encoding="UTF-8"?>
<testng-results skipped="0" failed="0" ignored="0" total="1" passed="1">
  <reporter-output>
  </reporter-output>
  <suite name="Default suite" duration-ms="22753" started-at="2021-09-30T09:56:45Z" finished-at="2021-09-30T09:57:08Z">
    <groups>
    </groups>
    <test name="Default test" duration-ms="22753" started-at="2021-09-30T09:56:45Z" finished-at="2021-09-30T09:57:08Z">
      <class name="com.testCases.Recruitment">
        <test-method status="PASS" signature="stratUp()[pri:0, instance:com.testCases.Recruitment@1f2d2181]" name="stratUp" is-config="true" duration-ms="13666" started-at="2021-09-30T09:56:45Z" finished-at="2021-09-30T09:56:59Z">
          <reporter-output>
          </reporter-output>
        </test-method> <!-- stratUp -->
        <test-method status="PASS" signature="login()[pri:0, instance:com.testCases.Recruitment@1f2d2181]" name="login" duration-ms="8287" started-at="2021-09-30T09:56:59Z" finished-at="2021-09-30T09:57:07Z">
          <reporter-output>
          </reporter-output>
        </test-method> <!-- login -->
        <test-method status="PASS" signature="close()[pri:0, instance:com.testCases.Recruitment@1f2d2181]" name="close" is-config="true" duration-ms="418" started-at="2021-09-30T09:57:08Z" finished-at="2021-09-30T09:57:08Z">
          <reporter-output>
          </reporter-output>
        </test-method> <!-- close -->
      </class> <!-- com.testCases.Recruitment -->
    </test> <!-- Default test -->
  </suite> <!-- Default suite -->
</testng-results>
